S=C=A=N: Mon Jul 26 12:39:19 2021: Collect start
/usr/bin/srun ./bt-mz_C.8


 NAS Parallel Benchmarks (NPB3.3-MZ-MPI) - BT-MZ MPI+OpenMP Benchmark

 Number of zones:  16 x  16
 Iterations: 200    dt:   0.000100
 Number of active processes:     8

 Use the default load factors with threads
 Total number of threads:     48  (  6.0 threads/process)

 Calculated speedup =     47.97

 Time step    1
 Time step   20
 Time step   40
 Time step   60
 Time step   80
 Time step  100
 Time step  120
 Time step  140
 Time step  160
 Time step  180
 Time step  200
 Verification being performed for class C
 accuracy setting for epsilon =  0.1000000000000E-07
 Comparison of RMS-norms of residual
           1 0.3457703287806E+07 0.3457703287806E+07 0.1092202750127E-12
           2 0.3213621375929E+06 0.3213621375929E+06 0.1322233937859E-12
           3 0.7002579656870E+06 0.7002579656870E+06 0.1496217033982E-13
           4 0.4517459627471E+06 0.4517459627471E+06 0.2267767543172E-13
           5 0.2818715870791E+07 0.2818715870791E+07 0.1486830094937E-14
 Comparison of RMS-norms of solution error
           1 0.2059106993570E+06 0.2059106993570E+06 0.1539214400532E-12
           2 0.1680761129461E+05 0.1680761129461E+05 0.2132015705369E-12
           3 0.4080731640795E+05 0.4080731640795E+05 0.3084595553087E-13
           4 0.2836541076778E+05 0.2836541076778E+05 0.1024749858433E-12
           5 0.2136807610771E+06 0.2136807610771E+06 0.2335870996607E-12
 Verification Successful


 BT-MZ Benchmark Completed.
 Class           =                        C
 Size            =            480x  320x 28
 Iterations      =                      200
 Time in seconds =                    39.82
 Total processes =                        8
 Total threads   =                       48
 Mop/s total     =                 60952.01
 Mop/s/thread    =                  1269.83
 Operation type  =           floating point
 Verification    =               SUCCESSFUL
 Version         =                    3.3.1
 Compile date    =              26 Jul 2021
S=C=A=N: Mon Jul 26 12:40:00 2021: Collect done (status=0) 41s
